TN:
SF:src\config\redis.ts
FN:28,(anonymous_1)
FN:69,(anonymous_2)
FN:106,(anonymous_3)
FN:112,(anonymous_4)
FN:121,(anonymous_5)
FN:130,(anonymous_6)
FN:136,(anonymous_7)
FN:143,waitForRedisConnection
FNF:8
FNH:2
FNDA:0,(anonymous_1)
FNDA:0,(anonymous_2)
FNDA:6,(anonymous_3)
FNDA:5,(anonymous_4)
FNDA:0,(anonymous_5)
FNDA:0,(anonymous_6)
FNDA:0,(anonymous_7)
FNDA:0,waitForRedisConnection
DA:6,6
DA:10,6
DA:16,6
DA:29,0
DA:30,0
DA:57,6
DA:70,0
DA:71,0
DA:95,6
DA:98,6
DA:101,6
DA:106,6
DA:107,6
DA:108,6
DA:112,6
DA:113,5
DA:114,5
DA:115,5
DA:116,5
DA:117,5
DA:121,6
DA:122,0
DA:123,0
DA:124,0
DA:125,0
DA:130,6
DA:131,0
DA:132,0
DA:136,6
DA:137,0
DA:138,0
DA:139,0
DA:144,0
DA:145,0
DA:147,0
DA:150,6
DA:151,6
LF:37
LH:21
BRDA:10,0,0,6
BRDA:10,0,1,0
BRDA:59,1,0,6
BRDA:59,1,1,6
BRDA:61,2,0,6
BRDA:61,2,1,6
BRDA:63,3,0,6
BRDA:63,3,1,6
BRDA:65,4,0,6
BRDA:65,4,1,6
BRDA:85,5,0,0
BRDA:85,5,1,6
BRDA:95,6,0,0
BRDA:95,6,1,6
BRDA:124,7,0,0
BRDA:144,8,0,0
BRF:16
BRH:11
end_of_record
TN:
SF:src\controllers\userController.ts
FN:15,(anonymous_1)
FN:43,(anonymous_2)
FN:64,(anonymous_3)
FN:87,(anonymous_4)
FN:101,(anonymous_5)
FN:124,(anonymous_6)
FNF:6
FNH:5
FNDA:1,(anonymous_1)
FNDA:1,(anonymous_2)
FNDA:1,(anonymous_3)
FNDA:1,(anonymous_4)
FNDA:1,(anonymous_5)
FNDA:0,(anonymous_6)
DA:2,5
DA:3,5
DA:9,5
DA:16,1
DA:17,1
DA:18,1
DA:19,1
DA:20,1
DA:21,1
DA:22,0
DA:25,1
DA:26,1
DA:27,1
DA:28,1
DA:31,0
DA:33,0
DA:34,0
DA:44,1
DA:45,1
DA:46,1
DA:47,0
DA:50,1
DA:51,1
DA:53,1
DA:55,0
DA:65,1
DA:66,1
DA:67,1
DA:68,0
DA:71,1
DA:72,1
DA:73,1
DA:76,0
DA:78,0
DA:88,1
DA:90,1
DA:92,0
DA:102,1
DA:103,1
DA:104,1
DA:105,0
DA:108,1
DA:109,1
DA:110,1
DA:113,0
DA:115,0
DA:125,0
DA:126,0
DA:127,0
DA:129,0
LF:50
LH:33
BRDA:21,0,0,0
BRDA:27,1,0,1
BRDA:46,2,0,0
BRDA:67,3,0,0
BRDA:72,4,0,1
BRDA:104,5,0,0
BRDA:104,6,0,1
BRDA:104,6,1,1
BRDA:109,7,0,1
BRF:9
BRH:5
end_of_record
TN:
SF:src\db\model\option.ts
FN:17,(anonymous_0)
FN:22,(anonymous_1)
FNF:2
FNH:0
FNDA:0,(anonymous_0)
FNDA:0,(anonymous_1)
DA:10,16
DA:17,0
DA:23,0
DA:24,0
DA:29,16
LF:5
LH:2
BRF:0
BRH:0
end_of_record
TN:
SF:src\middlewares\role.ts
FN:18,(anonymous_0)
FN:19,(anonymous_1)
FNF:2
FNH:1
FNDA:15,(anonymous_0)
FNDA:0,(anonymous_1)
DA:18,5
DA:19,15
DA:20,0
DA:22,0
DA:23,0
DA:29,0
DA:34,5
DA:35,5
DA:36,5
LF:9
LH:5
BRDA:20,0,0,0
BRDA:20,0,1,0
BRDA:22,1,0,0
BRF:3
BRH:0
end_of_record
TN:
SF:src\models\User\config\UserController.ts
FN:14,(anonymous_0)
FNF:1
FNH:1
FNDA:12,(anonymous_0)
DA:3,16
DA:25,12
DA:27,12
DA:28,12
DA:29,12
DA:30,12
DA:31,12
DA:32,12
DA:33,12
DA:34,12
DA:35,12
LF:11
LH:11
BRDA:14,0,0,0
BRDA:16,1,0,1
BRDA:17,2,0,1
BRDA:18,3,0,1
BRDA:19,4,0,1
BRDA:20,5,0,12
BRDA:21,6,0,1
BRDA:22,7,0,1
BRDA:23,8,0,1
BRDA:24,9,0,12
BRF:10
BRH:9
end_of_record
TN:
SF:src\models\User\data\userData.ts
FN:14,(anonymous_1)
FN:16,(anonymous_2)
FN:25,(anonymous_3)
FN:39,(anonymous_4)
FN:67,(anonymous_5)
FN:80,(anonymous_6)
FN:94,(anonymous_7)
FN:110,(anonymous_8)
FN:126,(anonymous_9)
FN:184,(anonymous_10)
FN:210,(anonymous_11)
FN:217,(anonymous_12)
FN:224,(anonymous_13)
FN:231,(anonymous_14)
FN:238,(anonymous_15)
FN:245,(anonymous_16)
FN:253,(anonymous_17)
FN:271,(anonymous_18)
FN:284,(anonymous_19)
FN:299,(anonymous_20)
FN:313,(anonymous_21)
FN:325,(anonymous_22)
FNF:22
FNH:4
FNDA:0,(anonymous_1)
FNDA:0,(anonymous_2)
FNDA:12,(anonymous_3)
FNDA:0,(anonymous_4)
FNDA:0,(anonymous_5)
FNDA:0,(anonymous_6)
FNDA:0,(anonymous_7)
FNDA:0,(anonymous_8)
FNDA:0,(anonymous_9)
FNDA:0,(anonymous_10)
FNDA:0,(anonymous_11)
FNDA:0,(anonymous_12)
FNDA:0,(anonymous_13)
FNDA:0,(anonymous_14)
FNDA:0,(anonymous_15)
FNDA:0,(anonymous_16)
FNDA:1,(anonymous_17)
FNDA:1,(anonymous_18)
FNDA:1,(anonymous_19)
FNDA:0,(anonymous_20)
FNDA:0,(anonymous_21)
FNDA:0,(anonymous_22)
DA:1,16
DA:2,16
DA:9,16
DA:11,0
DA:12,0
DA:17,0
DA:26,12
DA:27,12
DA:28,12
DA:30,1
DA:40,0
DA:41,0
DA:48,0
DA:49,0
DA:52,0
DA:58,0
DA:59,0
DA:68,0
DA:69,0
DA:71,0
DA:72,0
DA:81,0
DA:82,0
DA:84,0
DA:85,0
DA:95,0
DA:96,0
DA:101,0
DA:102,0
DA:111,0
DA:112,0
DA:115,0
DA:116,0
DA:127,0
DA:128,0
DA:129,0
DA:132,0
DA:133,0
DA:135,0
DA:136,0
DA:139,0
DA:140,0
DA:144,0
DA:145,0
DA:146,0
DA:148,0
DA:149,0
DA:150,0
DA:154,0
DA:165,0
DA:166,0
DA:169,0
DA:175,0
DA:176,0
DA:185,0
DA:186,0
DA:187,0
DA:190,0
DA:199,0
DA:200,0
DA:202,0
DA:203,0
DA:211,0
DA:218,0
DA:225,0
DA:232,0
DA:239,0
DA:246,0
DA:254,1
DA:272,1
DA:273,1
DA:275,0
DA:285,1
DA:286,1
DA:288,0
DA:300,0
DA:301,0
DA:303,0
DA:304,0
DA:314,0
DA:315,0
DA:317,0
DA:318,0
DA:326,0
LF:84
LH:12
BRDA:48,0,0,0
BRDA:111,1,0,0
BRDA:128,2,0,0
BRDA:139,3,0,0
BRDA:149,4,0,0
BRDA:161,5,0,0
BRDA:161,5,1,0
BRDA:165,6,0,0
BRDA:186,7,0,0
BRDA:271,8,0,1
BRDA:271,9,0,1
BRDA:284,10,0,0
BRDA:284,11,0,1
BRDA:299,12,0,0
BRF:14
BRH:3
end_of_record
TN:
SF:src\models\User\models\signIn.ts
FN:16,(anonymous_0)
FNF:1
FNH:0
FNDA:0,(anonymous_0)
DA:1,16
DA:3,16
DA:14,16
DA:17,0
DA:18,0
DA:19,0
DA:24,16
LF:7
LH:4
BRF:0
BRH:0
end_of_record
TN:
SF:src\models\User\models\users.ts
FNF:0
FNH:0
DA:1,16
DA:2,16
DA:3,16
DA:4,16
DA:21,16
DA:90,16
DA:91,16
DA:92,16
DA:93,16
DA:95,16
DA:97,16
DA:99,16
LF:12
LH:12
BRF:0
BRH:0
end_of_record
TN:
SF:src\models\User\services\userService.ts
FN:13,(anonymous_1)
FN:23,(anonymous_2)
FN:47,(anonymous_3)
FN:51,(anonymous_4)
FN:60,(anonymous_5)
FN:68,(anonymous_6)
FN:69,(anonymous_7)
FN:92,(anonymous_8)
FN:103,(anonymous_9)
FN:110,(anonymous_10)
FN:126,(anonymous_11)
FN:141,(anonymous_12)
FNF:12
FNH:10
FNDA:2,(anonymous_1)
FNDA:4,(anonymous_2)
FNDA:1,(anonymous_3)
FNDA:1,(anonymous_4)
FNDA:1,(anonymous_5)
FNDA:1,(anonymous_6)
FNDA:0,(anonymous_7)
FNDA:0,(anonymous_8)
FNDA:1,(anonymous_9)
FNDA:2,(anonymous_10)
FNDA:1,(anonymous_11)
FNDA:1,(anonymous_12)
DA:1,7
DA:3,7
DA:7,7
DA:14,2
DA:15,2
DA:16,1
DA:18,0
DA:19,0
DA:24,4
DA:48,1
DA:49,1
DA:52,1
DA:53,1
DA:62,1
DA:65,1
DA:67,1
DA:68,1
DA:69,1
DA:72,1
DA:74,0
DA:76,0
DA:79,1
DA:80,0
DA:84,1
DA:85,1
DA:86,1
DA:89,0
DA:92,0
DA:93,0
DA:96,0
DA:104,1
DA:111,2
DA:112,2
DA:113,1
DA:115,0
DA:116,0
DA:127,1
DA:128,1
DA:129,1
DA:131,0
DA:132,0
DA:142,1
DA:143,1
DA:144,1
DA:146,1
DA:147,1
LF:46
LH:33
BRDA:26,0,0,4
BRDA:26,0,1,3
BRDA:34,1,0,4
BRDA:34,1,1,3
BRDA:36,2,0,4
BRDA:36,2,1,3
BRDA:37,3,0,4
BRDA:37,3,1,3
BRDA:79,4,0,0
BRDA:85,5,0,1
BRF:10
BRH:9
end_of_record
TN:
SF:src\routes\userRoutes.ts
FNF:0
FNH:0
DA:1,5
DA:2,5
DA:3,5
DA:4,5
DA:5,5
DA:7,5
DA:10,5
DA:12,5
DA:13,5
DA:15,5
DA:17,5
DA:19,5
LF:12
LH:12
BRF:0
BRH:0
end_of_record
TN:
SF:src\utils\bloomFilter.ts
FN:20,(anonymous_0)
FN:32,(anonymous_1)
FN:41,(anonymous_2)
FN:50,(anonymous_3)
FN:62,(anonymous_4)
FN:76,(anonymous_5)
FN:83,(anonymous_6)
FN:90,(anonymous_7)
FN:99,(anonymous_8)
FNF:9
FNH:3
FNDA:6,(anonymous_0)
FNDA:6,(anonymous_1)
FNDA:6,(anonymous_2)
FNDA:0,(anonymous_3)
FNDA:0,(anonymous_4)
FNDA:0,(anonymous_5)
FNDA:0,(anonymous_6)
FNDA:0,(anonymous_7)
FNDA:0,(anonymous_8)
DA:7,6
DA:21,6
DA:22,6
DA:23,6
DA:24,6
DA:33,6
DA:42,6
DA:51,0
DA:52,0
DA:53,0
DA:55,0
DA:63,0
DA:64,0
DA:65,0
DA:66,0
DA:68,0
DA:77,0
DA:78,0
DA:79,0
DA:80,0
DA:82,0
DA:83,0
DA:91,0
DA:92,0
DA:100,0
LF:25
LH:7
BRDA:20,0,0,0
BRDA:20,1,0,0
BRF:2
BRH:0
end_of_record
TN:
SF:src\utils\redisCache.ts
FN:25,(anonymous_1)
FN:41,(anonymous_2)
FN:56,(anonymous_3)
FN:66,(anonymous_4)
FN:85,(anonymous_5)
FN:110,(anonymous_6)
FN:135,(anonymous_7)
FN:150,(anonymous_8)
FNF:8
FNH:0
FNDA:0,(anonymous_1)
FNDA:0,(anonymous_2)
FNDA:0,(anonymous_3)
FNDA:0,(anonymous_4)
FNDA:0,(anonymous_5)
FNDA:0,(anonymous_6)
FNDA:0,(anonymous_7)
FNDA:0,(anonymous_8)
DA:1,6
DA:2,6
DA:8,6
DA:9,6
DA:19,6
DA:26,0
DA:27,0
DA:28,0
DA:30,0
DA:42,0
DA:57,0
DA:67,0
DA:68,0
DA:70,0
DA:71,0
DA:72,0
DA:73,0
DA:76,0
DA:86,0
DA:87,0
DA:89,0
DA:90,0
DA:92,0
DA:95,0
DA:96,0
DA:98,0
DA:100,0
DA:101,0
DA:102,0
DA:111,0
DA:112,0
DA:114,0
DA:116,0
DA:117,0
DA:118,0
DA:121,0
DA:122,0
DA:124,0
DA:125,0
DA:126,0
DA:127,0
DA:136,0
DA:137,0
DA:138,0
DA:139,0
DA:141,0
DA:142,0
DA:143,0
DA:151,0
DA:152,0
DA:154,0
DA:155,0
LF:52
LH:5
BRDA:27,0,0,0
BRDA:27,0,1,0
BRDA:66,1,0,0
BRDA:89,2,0,0
BRDA:89,2,1,0
BRDA:116,3,0,0
BRDA:116,4,0,0
BRDA:116,4,1,0
BRF:8
BRH:0
end_of_record
TN:
SF:src\utils\res.ts
FN:4,(anonymous_0)
FN:14,(anonymous_1)
FN:19,(anonymous_2)
FN:24,(anonymous_3)
FN:29,(anonymous_4)
FN:34,(anonymous_5)
FN:39,(anonymous_6)
FN:44,(anonymous_7)
FN:54,(anonymous_8)
FNF:9
FNH:3
FNDA:5,(anonymous_0)
FNDA:2,(anonymous_1)
FNDA:0,(anonymous_2)
FNDA:0,(anonymous_3)
FNDA:0,(anonymous_4)
FNDA:0,(anonymous_5)
FNDA:3,(anonymous_6)
FNDA:0,(anonymous_7)
FNDA:0,(anonymous_8)
DA:4,5
DA:5,5
DA:14,5
DA:15,2
DA:19,5
DA:20,0
DA:24,5
DA:25,0
DA:29,5
DA:30,0
DA:34,5
DA:35,0
DA:39,5
DA:40,3
DA:44,5
DA:45,0
DA:54,5
DA:55,0
LF:18
LH:12
BRDA:4,0,0,0
BRDA:14,1,0,0
BRDA:19,2,0,0
BRDA:24,3,0,0
BRDA:29,4,0,0
BRDA:34,5,0,0
BRDA:39,6,0,0
BRDA:44,7,0,0
BRDA:54,8,0,0
BRF:9
BRH:0
end_of_record
